Copyright 1986-2020 Xilinx, Inc. All Rights Reserved.
--------------------------------------------------------------------------------------------
| Tool Version : Vivado v.2020.2 (win64) Build 3064766 Wed Nov 18 09:12:45 MST 2020
| Date         : Fri Nov 14 15:21:17 2025
| Host         : DESKTOP-7CFQ9ND running 64-bit major release  (build 9200)
| Command      : report_control_sets -verbose -file i2c_cpu_wrapper_control_sets_placed.rpt
| Design       : i2c_cpu_wrapper
| Device       : xc7a35t
--------------------------------------------------------------------------------------------

Control Set Information

Table of Contents
-----------------
1. Summary
2. Histogram
3. Flip-Flop Distribution
4. Detailed Control Set Information

1. Summary
----------

+----------------------------------------------------------+-------+
|                          Status                          | Count |
+----------------------------------------------------------+-------+
| Total control sets                                       |   123 |
|    Minimum number of control sets                        |   123 |
|    Addition due to synthesis replication                 |     0 |
|    Addition due to physical synthesis replication        |     0 |
| Unused register locations in slices containing registers |   219 |
+----------------------------------------------------------+-------+
* Control sets can be merged at opt_design using control_set_merge or merge_equivalent_drivers
** Run report_qor_suggestions for automated merging and remapping suggestions


2. Histogram
------------

+--------------------+-------+
|       Fanout       | Count |
+--------------------+-------+
| Total control sets |   123 |
| >= 0 to < 4        |    10 |
| >= 4 to < 6        |    10 |
| >= 6 to < 8        |     8 |
| >= 8 to < 10       |    57 |
| >= 10 to < 12      |     7 |
| >= 12 to < 14      |     1 |
| >= 14 to < 16      |     0 |
| >= 16              |    30 |
+--------------------+-------+
* Control sets can be remapped at either synth_design or opt_design


3. Flip-Flop Distribution
-------------------------

+--------------+-----------------------+------------------------+-----------------+--------------+
| Clock Enable | Synchronous Set/Reset | Asynchronous Set/Reset | Total Registers | Total Slices |
+--------------+-----------------------+------------------------+-----------------+--------------+
| No           | No                    | No                     |             185 |           82 |
| No           | No                    | Yes                    |              62 |           33 |
| No           | Yes                   | No                     |             292 |          127 |
| Yes          | No                    | No                     |             218 |           55 |
| Yes          | No                    | Yes                    |              53 |           20 |
| Yes          | Yes                   | No                     |            1123 |          338 |
+--------------+-----------------------+------------------------+-----------------+--------------+


4. Detailed Control Set Information
-----------------------------------

+-----------------------------------------------------------+-----------------------------------------------------------------------------------------------------------------------------------------------------------------------------------------------------------+-----------------------------------------------------------------------------------------------------------------------------------------------+------------------+----------------+--------------+
|                        Clock Signal                       |                                                                                               Enable Signal                                                                                               |                                                                Set/Reset Signal                                                               | Slice Load Count | Bel Load Count | Bels / Slice |
+-----------------------------------------------------------+-----------------------------------------------------------------------------------------------------------------------------------------------------------------------------------------------------------+-----------------------------------------------------------------------------------------------------------------------------------------------+------------------+----------------+--------------+
|  i2c_cpu_i/mdm_1/U0/Use_E2.BSCAN_I/Dbg_Update_0_BUFG      | i2c_cpu_i/microblaze_0/U0/MicroBlaze_Core_I/Performance.Core/Use_Debug_Logic.Master_Core.Debug_Perf/Control_Reg_En                                                                                        | i2c_cpu_i/microblaze_0/U0/MicroBlaze_Core_I/Performance.Core/Use_Debug_Logic.Master_Core.Debug_Perf/Serial_Dbg_Intf.force_stop_cmd_i_reg_0    |                1 |              1 |         1.00 |
|  i2c_cpu_i/clk_wiz_1/inst/clk_out1                        |                                                                                                                                                                                                           | i2c_cpu_i/microblaze_0/U0/MicroBlaze_Core_I/Performance.Core/Use_Debug_Logic.Master_Core.Debug_Perf/capture_1                                 |                1 |              1 |         1.00 |
|  i2c_cpu_i/mdm_1/U0/Use_E2.BSCAN_I/Dbg_Update_0_BUFG      | i2c_cpu_i/microblaze_0/U0/MicroBlaze_Core_I/Performance.Core/Use_Debug_Logic.Master_Core.Debug_Perf/Control_Reg_En                                                                                        | i2c_cpu_i/microblaze_0/U0/MicroBlaze_Core_I/Performance.Core/Use_Debug_Logic.Master_Core.Debug_Perf/Serial_Dbg_Intf.normal_stop_cmd_i_reg_n_0 |                1 |              1 |         1.00 |
|  i2c_cpu_i/mdm_1/U0/No_Dbg_Reg_Access.BUFG_DRCK/Dbg_Clk_0 | i2c_cpu_i/mdm_1/U0/Use_E2.BSCAN_I/Use_BSCAN.PORT_Selector_reg[0]                                                                                                                                          | i2c_cpu_i/mdm_1/U0/MDM_Core_I1/JTAG_CONTROL_I/Functional_Reset                                                                                |                1 |              1 |         1.00 |
| ~i2c_cpu_i/mdm_1/U0/Use_E2.BSCAN_I/Dbg_Update_0_BUFG      |                                                                                                                                                                                                           | i2c_cpu_i/mdm_1/U0/MDM_Core_I1/JTAG_CONTROL_I/sel_n                                                                                           |                1 |              1 |         1.00 |
|  i2c_cpu_i/mdm_1/U0/Use_E2.BSCAN_I/Dbg_Update_0_BUFG      | i2c_cpu_i/microblaze_0/U0/MicroBlaze_Core_I/Performance.Core/Use_Debug_Logic.Master_Core.Debug_Perf/Control_Reg_En                                                                                        | i2c_cpu_i/microblaze_0/U0/MicroBlaze_Core_I/Performance.Core/Use_Debug_Logic.Master_Core.Debug_Perf/start_single_step_reg_n_0                 |                1 |              1 |         1.00 |
|  i2c_cpu_i/mdm_1/U0/Use_E2.BSCAN_I/Dbg_Update_0_BUFG      | i2c_cpu_i/microblaze_0/U0/MicroBlaze_Core_I/Performance.Core/Use_Debug_Logic.Master_Core.Debug_Perf/Control_Reg_En                                                                                        | i2c_cpu_i/microblaze_0/U0/MicroBlaze_Core_I/Performance.Core/Use_Debug_Logic.Master_Core.Debug_Perf/Serial_Dbg_Intf.continue_from_brk_reg_n_0 |                1 |              1 |         1.00 |
| ~i2c_cpu_i/mdm_1/U0/No_Dbg_Reg_Access.BUFG_DRCK/Dbg_Clk_0 | i2c_cpu_i/mdm_1/U0/MDM_Core_I1/JTAG_CONTROL_I/Use_BSCAN.FDC_I/CE                                                                                                                                          | i2c_cpu_i/mdm_1/U0/MDM_Core_I1/JTAG_CONTROL_I/Use_BSCAN.FDC_I/D                                                                               |                1 |              1 |         1.00 |
|  i2c_cpu_i/mdm_1/U0/Use_E2.BSCAN_I/Dbg_Update_0_BUFG      | i2c_cpu_i/microblaze_0/U0/MicroBlaze_Core_I/Performance.Core/Use_Debug_Logic.Master_Core.Debug_Perf/Command_Reg_En                                                                                        | i2c_cpu_i/microblaze_0/U0/MicroBlaze_Core_I/Performance.Core/Use_Debug_Logic.Master_Core.Debug_Perf/command_reg_clear                         |                1 |              2 |         2.00 |
|  i2c_cpu_i/mdm_1/U0/Use_E2.BSCAN_I/Dbg_Update_0_BUFG      |                                                                                                                                                                                                           |                                                                                                                                               |                2 |              3 |         1.50 |
|  i2c_cpu_i/mdm_1/U0/No_Dbg_Reg_Access.BUFG_DRCK/Dbg_Clk_0 | i2c_cpu_i/mdm_1/U0/MDM_Core_I1/TDI_Shifter0                                                                                                                                                               | i2c_cpu_i/mdm_1/U0/Use_E2.BSCAN_I/AR[0]                                                                                                       |                1 |              4 |         4.00 |
|  i2c_cpu_i/clk_wiz_1/inst/clk_out1                        |                                                                                                                                                                                                           | i2c_cpu_i/rst_clk_wiz_1_100M/U0/bus_struct_reset[0]                                                                                           |                1 |              4 |         4.00 |
| ~i2c_cpu_i/mdm_1/U0/Use_E2.BSCAN_I/Dbg_Update_0_BUFG      |                                                                                                                                                                                                           | i2c_cpu_i/mdm_1/U0/Use_E2.BSCAN_I/AR[0]                                                                                                       |                1 |              4 |         4.00 |
|  i2c_cpu_i/mdm_1/U0/Use_E2.BSCAN_I/Dbg_Update_0_BUFG      | i2c_cpu_i/mdm_1/U0/MDM_Core_I1/MDM_SEL                                                                                                                                                                    | i2c_cpu_i/mdm_1/U0/Use_E2.BSCAN_I/AR[0]                                                                                                       |                1 |              4 |         4.00 |
|  i2c_cpu_i/clk_wiz_1/inst/clk_out1                        | i2c_cpu_i/i2c_master_0/inst/i2c_master_v1_0_S00_AXI_inst/i2c_master_inst/bit_counter_reg[3]_i_1_n_0                                                                                                       | i2c_cpu_i/i2c_master_0/inst/i2c_master_v1_0_S00_AXI_inst/i2c_master_inst/SR[0]                                                                |                1 |              4 |         4.00 |
|  i2c_cpu_i/clk_wiz_1/inst/clk_out1                        | i2c_cpu_i/axi_uartlite_0/U0/AXI_LITE_IPIF_I/I_SLAVE_ATTACHMENT/start2                                                                                                                                     | i2c_cpu_i/axi_uartlite_0/U0/AXI_LITE_IPIF_I/I_SLAVE_ATTACHMENT/I_DECODER/cs_ce_clr                                                            |                2 |              4 |         2.00 |
|  i2c_cpu_i/clk_wiz_1/inst/clk_out1                        | i2c_cpu_i/axi_uartlite_0/U0/UARTLITE_CORE_I/BAUD_RATE_I/en_16x_Baud                                                                                                                                       |                                                                                                                                               |                1 |              4 |         4.00 |
|  i2c_cpu_i/mdm_1/U0/Use_E2.BSCAN_I/Dbg_Update_0_BUFG      | i2c_cpu_i/microblaze_0/U0/MicroBlaze_Core_I/Performance.Core/Use_Debug_Logic.Master_Core.Debug_Perf/Control_Reg_En                                                                                        |                                                                                                                                               |                1 |              4 |         4.00 |
|  i2c_cpu_i/clk_wiz_1/inst/clk_out1                        |                                                                                                                                                                                                           | i2c_cpu_i/rst_clk_wiz_1_100M/U0/EXT_LPF/lpf_int                                                                                               |                4 |              5 |         1.25 |
|  i2c_cpu_i/clk_wiz_1/inst/clk_out1                        | i2c_cpu_i/microblaze_0/U0/MicroBlaze_Core_I/Performance.Core/Decode_I/wb_Halted                                                                                                                           | i2c_cpu_i/microblaze_0/U0/MicroBlaze_Core_I/sync_reset                                                                                        |                1 |              5 |         5.00 |
|  i2c_cpu_i/mdm_1/U0/No_Dbg_Reg_Access.BUFG_DRCK/Dbg_Clk_0 | i2c_cpu_i/mdm_1/U0/Use_E2.BSCAN_I/sel                                                                                                                                                                     |                                                                                                                                               |                2 |              6 |         3.00 |
|  i2c_cpu_i/clk_wiz_1/inst/clk_out1                        |                                                                                                                                                                                                           | i2c_cpu_i/axi_uartlite_0/U0/UARTLITE_CORE_I/UARTLITE_TX_I/SRL_FIFO_I/I_SRL_FIFO_RBU_F/CNTR_INCR_DECR_ADDN_F_I/SS[0]                           |                2 |              6 |         3.00 |
|  i2c_cpu_i/clk_wiz_1/inst/clk_out1                        |                                                                                                                                                                                                           | i2c_cpu_i/axi_uartlite_0/U0/UARTLITE_CORE_I/UARTLITE_RX_I/SRL_FIFO_I/I_SRL_FIFO_RBU_F/CNTR_INCR_DECR_ADDN_F_I/SS[0]                           |                3 |              6 |         2.00 |
|  i2c_cpu_i/mdm_1/U0/No_Dbg_Reg_Access.BUFG_DRCK/Dbg_Clk_0 | i2c_cpu_i/mdm_1/U0/Use_E2.BSCAN_I/Use_BSCAN.command_reg[6]                                                                                                                                                |                                                                                                                                               |                2 |              6 |         3.00 |
|  i2c_cpu_i/mdm_1/U0/No_Dbg_Reg_Access.BUFG_DRCK/Dbg_Clk_0 | i2c_cpu_i/mdm_1/U0/MDM_Core_I1/JTAG_CONTROL_I/Use_BSCAN.FDC_I/sample_1                                                                                                                                    |                                                                                                                                               |                1 |              6 |         6.00 |
|  i2c_cpu_i/clk_wiz_1/inst/clk_out1                        | i2c_cpu_i/rst_clk_wiz_1_100M/U0/SEQ/seq_cnt_en                                                                                                                                                            | i2c_cpu_i/rst_clk_wiz_1_100M/U0/SEQ/SEQ_COUNTER/clear                                                                                         |                1 |              6 |         6.00 |
|  i2c_cpu_i/clk_wiz_1/inst/clk_out1                        | i2c_cpu_i/axi_uartlite_0/U0/UARTLITE_CORE_I/BAUD_RATE_I/en_16x_Baud                                                                                                                                       | i2c_cpu_i/axi_uartlite_0/U0/UARTLITE_CORE_I/UARTLITE_RX_I/SERIAL_TO_PARALLEL[8].fifo_din[8]_i_1_n_0                                           |                1 |              7 |         7.00 |
|  i2c_cpu_i/clk_wiz_1/inst/clk_out1                        | i2c_cpu_i/i2c_master_0/inst/i2c_master_v1_0_S00_AXI_inst/i2c_master_inst/temp_rx_data_reg[7]_i_1_n_0                                                                                                      | i2c_cpu_i/i2c_master_0/inst/i2c_master_v1_0_S00_AXI_inst/i2c_master_inst/SR[0]                                                                |                1 |              7 |         7.00 |
|  i2c_cpu_i/clk_wiz_1/inst/clk_out1                        | i2c_cpu_i/gpio_1/inst/gpio_v1_0_S00_AXI_inst/slv_reg1[15]_i_1_n_0                                                                                                                                         | i2c_cpu_i/gpio_1/inst/gpio_v1_0_S00_AXI_inst/axi_awready_i_1_n_0                                                                              |                2 |              8 |         4.00 |
|  i2c_cpu_i/clk_wiz_1/inst/clk_out1                        | i2c_cpu_i/i2c_master_0/inst/i2c_master_v1_0_S00_AXI_inst/slv_reg0[31]_i_1_n_0                                                                                                                             | i2c_cpu_i/i2c_master_0/inst/i2c_master_v1_0_S00_AXI_inst/i2c_master_inst/SR[0]                                                                |                2 |              8 |         4.00 |
|  i2c_cpu_i/mdm_1/U0/No_Dbg_Reg_Access.BUFG_DRCK/Dbg_Clk_0 | i2c_cpu_i/microblaze_0/U0/MicroBlaze_Core_I/Performance.Core/Use_Debug_Logic.Master_Core.Debug_Perf/Using_PC_Breakpoints.All_PC_Brks[0].Serial_Interface_1.address_hit_I/Compare[0].SRLC16E_I/which_pc__0 |                                                                                                                                               |                7 |              8 |         1.14 |
|  i2c_cpu_i/clk_wiz_1/inst/clk_out1                        | i2c_cpu_i/i2c_master_0/inst/i2c_master_v1_0_S00_AXI_inst/slv_reg3[23]_i_1_n_0                                                                                                                             | i2c_cpu_i/i2c_master_0/inst/i2c_master_v1_0_S00_AXI_inst/i2c_master_inst/SR[0]                                                                |                2 |              8 |         4.00 |
|  i2c_cpu_i/mdm_1/U0/No_Dbg_Reg_Access.BUFG_DRCK/Dbg_Clk_0 | i2c_cpu_i/mdm_1/U0/MDM_Core_I1/JTAG_CONTROL_I/tdi_shifter0                                                                                                                                                |                                                                                                                                               |                2 |              8 |         4.00 |
|  i2c_cpu_i/mdm_1/U0/Use_E2.BSCAN_I/Dbg_Update_0_BUFG      | i2c_cpu_i/mdm_1/U0/MDM_Core_I1/JTAG_CONTROL_I/Use_BSCAN.FDC_I/command_10                                                                                                                                  |                                                                                                                                               |                1 |              8 |         8.00 |
| ~i2c_cpu_i/mdm_1/U0/Use_E2.BSCAN_I/Dbg_Update_0_BUFG      | i2c_cpu_i/mdm_1/U0/MDM_Core_I1/JTAG_CONTROL_I/Use_BSCAN.command[0]_i_1_n_0                                                                                                                                |                                                                                                                                               |                2 |              8 |         4.00 |
|  i2c_cpu_i/clk_wiz_1/inst/clk_out1                        | i2c_cpu_i/gpio_0/inst/gpio_v1_0_S00_AXI_inst/slv_reg1[31]_i_1_n_0                                                                                                                                         | i2c_cpu_i/gpio_0/inst/gpio_v1_0_S00_AXI_inst/axi_awready_i_1_n_0                                                                              |                1 |              8 |         8.00 |
|  i2c_cpu_i/clk_wiz_1/inst/clk_out1                        | i2c_cpu_i/gpio_1/inst/gpio_v1_0_S00_AXI_inst/slv_reg1[23]_i_1_n_0                                                                                                                                         | i2c_cpu_i/gpio_1/inst/gpio_v1_0_S00_AXI_inst/axi_awready_i_1_n_0                                                                              |                1 |              8 |         8.00 |
|  i2c_cpu_i/clk_wiz_1/inst/clk_out1                        | i2c_cpu_i/gpio_1/inst/gpio_v1_0_S00_AXI_inst/p_1_in[7]                                                                                                                                                    | i2c_cpu_i/gpio_1/inst/gpio_v1_0_S00_AXI_inst/axi_awready_i_1_n_0                                                                              |                3 |              8 |         2.67 |
|  i2c_cpu_i/clk_wiz_1/inst/clk_out1                        | i2c_cpu_i/gpio_1/inst/gpio_v1_0_S00_AXI_inst/slv_reg3[7]_i_1_n_0                                                                                                                                          | i2c_cpu_i/gpio_1/inst/gpio_v1_0_S00_AXI_inst/axi_awready_i_1_n_0                                                                              |                1 |              8 |         8.00 |
|  i2c_cpu_i/clk_wiz_1/inst/clk_out1                        | i2c_cpu_i/gpio_1/inst/gpio_v1_0_S00_AXI_inst/slv_reg3[15]_i_1_n_0                                                                                                                                         | i2c_cpu_i/gpio_1/inst/gpio_v1_0_S00_AXI_inst/axi_awready_i_1_n_0                                                                              |                2 |              8 |         4.00 |
|  i2c_cpu_i/clk_wiz_1/inst/clk_out1                        | i2c_cpu_i/gpio_1/inst/gpio_v1_0_S00_AXI_inst/slv_reg1[7]_i_1_n_0                                                                                                                                          | i2c_cpu_i/gpio_1/inst/gpio_v1_0_S00_AXI_inst/axi_awready_i_1_n_0                                                                              |                2 |              8 |         4.00 |
|  i2c_cpu_i/clk_wiz_1/inst/clk_out1                        | i2c_cpu_i/gpio_1/inst/gpio_v1_0_S00_AXI_inst/p_1_in[31]                                                                                                                                                   | i2c_cpu_i/gpio_1/inst/gpio_v1_0_S00_AXI_inst/axi_awready_i_1_n_0                                                                              |                1 |              8 |         8.00 |
|  i2c_cpu_i/clk_wiz_1/inst/clk_out1                        | i2c_cpu_i/gpio_1/inst/gpio_v1_0_S00_AXI_inst/slv_reg1[31]_i_1_n_0                                                                                                                                         | i2c_cpu_i/gpio_1/inst/gpio_v1_0_S00_AXI_inst/axi_awready_i_1_n_0                                                                              |                2 |              8 |         4.00 |
|  i2c_cpu_i/clk_wiz_1/inst/clk_out1                        | i2c_cpu_i/gpio_1/inst/gpio_v1_0_S00_AXI_inst/slv_reg3[23]_i_1_n_0                                                                                                                                         | i2c_cpu_i/gpio_1/inst/gpio_v1_0_S00_AXI_inst/axi_awready_i_1_n_0                                                                              |                2 |              8 |         4.00 |
|  i2c_cpu_i/clk_wiz_1/inst/clk_out1                        | i2c_cpu_i/gpio_1/inst/gpio_v1_0_S00_AXI_inst/slv_reg3[31]_i_1_n_0                                                                                                                                         | i2c_cpu_i/gpio_1/inst/gpio_v1_0_S00_AXI_inst/axi_awready_i_1_n_0                                                                              |                2 |              8 |         4.00 |
|  i2c_cpu_i/clk_wiz_1/inst/clk_out1                        | i2c_cpu_i/gpio_1/inst/gpio_v1_0_S00_AXI_inst/p_1_in[8]                                                                                                                                                    | i2c_cpu_i/gpio_1/inst/gpio_v1_0_S00_AXI_inst/axi_awready_i_1_n_0                                                                              |                1 |              8 |         8.00 |
|  i2c_cpu_i/clk_wiz_1/inst/clk_out1                        | i2c_cpu_i/gpio_1/inst/gpio_v1_0_S00_AXI_inst/p_1_in[16]                                                                                                                                                   | i2c_cpu_i/gpio_1/inst/gpio_v1_0_S00_AXI_inst/axi_awready_i_1_n_0                                                                              |                1 |              8 |         8.00 |
|  i2c_cpu_i/clk_wiz_1/inst/clk_out1                        | i2c_cpu_i/gpio_0/inst/gpio_v1_0_S00_AXI_inst/p_1_in[8]                                                                                                                                                    | i2c_cpu_i/gpio_0/inst/gpio_v1_0_S00_AXI_inst/axi_awready_i_1_n_0                                                                              |                2 |              8 |         4.00 |
|  i2c_cpu_i/clk_wiz_1/inst/clk_out1                        | i2c_cpu_i/gpio_0/inst/gpio_v1_0_S00_AXI_inst/p_1_in[31]                                                                                                                                                   | i2c_cpu_i/gpio_0/inst/gpio_v1_0_S00_AXI_inst/axi_awready_i_1_n_0                                                                              |                1 |              8 |         8.00 |
|  i2c_cpu_i/clk_wiz_1/inst/clk_out1                        | i2c_cpu_i/gpio_0/inst/gpio_v1_0_S00_AXI_inst/p_1_in[7]                                                                                                                                                    | i2c_cpu_i/gpio_0/inst/gpio_v1_0_S00_AXI_inst/axi_awready_i_1_n_0                                                                              |                3 |              8 |         2.67 |
|  i2c_cpu_i/clk_wiz_1/inst/clk_out1                        | i2c_cpu_i/gpio_0/inst/gpio_v1_0_S00_AXI_inst/slv_reg3[15]_i_1_n_0                                                                                                                                         | i2c_cpu_i/gpio_0/inst/gpio_v1_0_S00_AXI_inst/axi_awready_i_1_n_0                                                                              |                2 |              8 |         4.00 |
|  i2c_cpu_i/clk_wiz_1/inst/clk_out1                        | i2c_cpu_i/gpio_0/inst/gpio_v1_0_S00_AXI_inst/p_1_in[16]                                                                                                                                                   | i2c_cpu_i/gpio_0/inst/gpio_v1_0_S00_AXI_inst/axi_awready_i_1_n_0                                                                              |                1 |              8 |         8.00 |
|  i2c_cpu_i/clk_wiz_1/inst/clk_out1                        | i2c_cpu_i/gpio_0/inst/gpio_v1_0_S00_AXI_inst/slv_reg1[23]_i_1_n_0                                                                                                                                         | i2c_cpu_i/gpio_0/inst/gpio_v1_0_S00_AXI_inst/axi_awready_i_1_n_0                                                                              |                1 |              8 |         8.00 |
|  i2c_cpu_i/clk_wiz_1/inst/clk_out1                        | i2c_cpu_i/gpio_0/inst/gpio_v1_0_S00_AXI_inst/slv_reg3[7]_i_1_n_0                                                                                                                                          | i2c_cpu_i/gpio_0/inst/gpio_v1_0_S00_AXI_inst/axi_awready_i_1_n_0                                                                              |                3 |              8 |         2.67 |
|  i2c_cpu_i/clk_wiz_1/inst/clk_out1                        | i2c_cpu_i/gpio_0/inst/gpio_v1_0_S00_AXI_inst/slv_reg1[7]_i_1_n_0                                                                                                                                          | i2c_cpu_i/gpio_0/inst/gpio_v1_0_S00_AXI_inst/axi_awready_i_1_n_0                                                                              |                3 |              8 |         2.67 |
|  i2c_cpu_i/clk_wiz_1/inst/clk_out1                        | i2c_cpu_i/gpio_0/inst/gpio_v1_0_S00_AXI_inst/slv_reg1[15]_i_1_n_0                                                                                                                                         | i2c_cpu_i/gpio_0/inst/gpio_v1_0_S00_AXI_inst/axi_awready_i_1_n_0                                                                              |                2 |              8 |         4.00 |
|  i2c_cpu_i/clk_wiz_1/inst/clk_out1                        | i2c_cpu_i/gpio_0/inst/gpio_v1_0_S00_AXI_inst/slv_reg3[23]_i_1_n_0                                                                                                                                         | i2c_cpu_i/gpio_0/inst/gpio_v1_0_S00_AXI_inst/axi_awready_i_1_n_0                                                                              |                2 |              8 |         4.00 |
|  i2c_cpu_i/clk_wiz_1/inst/clk_out1                        | i2c_cpu_i/gpio_0/inst/gpio_v1_0_S00_AXI_inst/slv_reg3[31]_i_1_n_0                                                                                                                                         | i2c_cpu_i/gpio_0/inst/gpio_v1_0_S00_AXI_inst/axi_awready_i_1_n_0                                                                              |                2 |              8 |         4.00 |
|  i2c_cpu_i/clk_wiz_1/inst/clk_out1                        | i2c_cpu_i/axi_uartlite_0/U0/AXI_LITE_IPIF_I/I_SLAVE_ATTACHMENT/I_DECODER/fifo_wr                                                                                                                          |                                                                                                                                               |                1 |              8 |         8.00 |
|  i2c_cpu_i/clk_wiz_1/inst/clk_out1                        | i2c_cpu_i/axi_uartlite_0/U0/AXI_LITE_IPIF_I/I_SLAVE_ATTACHMENT/s_axi_rresp_i                                                                                                                              | i2c_cpu_i/axi_uartlite_0/U0/AXI_LITE_IPIF_I/I_SLAVE_ATTACHMENT/rst                                                                            |                3 |              8 |         2.67 |
|  i2c_cpu_i/clk_wiz_1/inst/clk_out1                        | i2c_cpu_i/axi_uartlite_0/U0/UARTLITE_CORE_I/UARTLITE_RX_I/SRL_FIFO_I/I_SRL_FIFO_RBU_F/DYNSHREG_F_I/fifo_wr                                                                                                |                                                                                                                                               |                1 |              8 |         8.00 |
|  i2c_cpu_i/clk_wiz_1/inst/clk_out1                        | i2c_cpu_i/gpio_2/inst/gpio_v1_0_S00_AXI_inst/slv_reg1[15]_i_1_n_0                                                                                                                                         | i2c_cpu_i/gpio_2/inst/gpio_v1_0_S00_AXI_inst/axi_awready_i_1_n_0                                                                              |                1 |              8 |         8.00 |
|  i2c_cpu_i/clk_wiz_1/inst/clk_out1                        | i2c_cpu_i/gpio_2/inst/gpio_v1_0_S00_AXI_inst/slv_reg3[31]_i_1_n_0                                                                                                                                         | i2c_cpu_i/gpio_2/inst/gpio_v1_0_S00_AXI_inst/axi_awready_i_1_n_0                                                                              |                3 |              8 |         2.67 |
|  i2c_cpu_i/clk_wiz_1/inst/clk_out1                        | i2c_cpu_i/gpio_2/inst/gpio_v1_0_S00_AXI_inst/slv_reg3[7]_i_1_n_0                                                                                                                                          | i2c_cpu_i/gpio_2/inst/gpio_v1_0_S00_AXI_inst/axi_awready_i_1_n_0                                                                              |                3 |              8 |         2.67 |
|  i2c_cpu_i/clk_wiz_1/inst/clk_out1                        | i2c_cpu_i/gpio_2/inst/gpio_v1_0_S00_AXI_inst/slv_reg1[7]_i_1_n_0                                                                                                                                          | i2c_cpu_i/gpio_2/inst/gpio_v1_0_S00_AXI_inst/axi_awready_i_1_n_0                                                                              |                2 |              8 |         4.00 |
|  i2c_cpu_i/clk_wiz_1/inst/clk_out1                        | i2c_cpu_i/gpio_2/inst/gpio_v1_0_S00_AXI_inst/slv_reg1[23]_i_1_n_0                                                                                                                                         | i2c_cpu_i/gpio_2/inst/gpio_v1_0_S00_AXI_inst/axi_awready_i_1_n_0                                                                              |                1 |              8 |         8.00 |
|  i2c_cpu_i/clk_wiz_1/inst/clk_out1                        | i2c_cpu_i/gpio_2/inst/gpio_v1_0_S00_AXI_inst/slv_reg1[31]_i_1_n_0                                                                                                                                         | i2c_cpu_i/gpio_2/inst/gpio_v1_0_S00_AXI_inst/axi_awready_i_1_n_0                                                                              |                1 |              8 |         8.00 |
|  i2c_cpu_i/clk_wiz_1/inst/clk_out1                        | i2c_cpu_i/gpio_2/inst/gpio_v1_0_S00_AXI_inst/slv_reg3[15]_i_1_n_0                                                                                                                                         | i2c_cpu_i/gpio_2/inst/gpio_v1_0_S00_AXI_inst/axi_awready_i_1_n_0                                                                              |                1 |              8 |         8.00 |
|  i2c_cpu_i/clk_wiz_1/inst/clk_out1                        | i2c_cpu_i/gpio_2/inst/gpio_v1_0_S00_AXI_inst/slv_reg3[23]_i_1_n_0                                                                                                                                         | i2c_cpu_i/gpio_2/inst/gpio_v1_0_S00_AXI_inst/axi_awready_i_1_n_0                                                                              |                2 |              8 |         4.00 |
|  i2c_cpu_i/clk_wiz_1/inst/clk_out1                        | i2c_cpu_i/gpio_2/inst/gpio_v1_0_S00_AXI_inst/p_1_in[16]                                                                                                                                                   | i2c_cpu_i/gpio_2/inst/gpio_v1_0_S00_AXI_inst/axi_awready_i_1_n_0                                                                              |                1 |              8 |         8.00 |
|  i2c_cpu_i/clk_wiz_1/inst/clk_out1                        | i2c_cpu_i/gpio_2/inst/gpio_v1_0_S00_AXI_inst/p_1_in[31]                                                                                                                                                   | i2c_cpu_i/gpio_2/inst/gpio_v1_0_S00_AXI_inst/axi_awready_i_1_n_0                                                                              |                1 |              8 |         8.00 |
|  i2c_cpu_i/clk_wiz_1/inst/clk_out1                        | i2c_cpu_i/gpio_2/inst/gpio_v1_0_S00_AXI_inst/p_1_in[8]                                                                                                                                                    | i2c_cpu_i/gpio_2/inst/gpio_v1_0_S00_AXI_inst/axi_awready_i_1_n_0                                                                              |                2 |              8 |         4.00 |
|  i2c_cpu_i/clk_wiz_1/inst/clk_out1                        | i2c_cpu_i/gpio_2/inst/gpio_v1_0_S00_AXI_inst/p_1_in[7]                                                                                                                                                    | i2c_cpu_i/gpio_2/inst/gpio_v1_0_S00_AXI_inst/axi_awready_i_1_n_0                                                                              |                4 |              8 |         2.00 |
|  i2c_cpu_i/clk_wiz_1/inst/clk_out1                        | i2c_cpu_i/i2c_master_0/inst/i2c_master_v1_0_S00_AXI_inst/i2c_master_inst/read_return_next                                                                                                                 | i2c_cpu_i/i2c_master_0/inst/i2c_master_v1_0_S00_AXI_inst/i2c_master_inst/SR[0]                                                                |                2 |              8 |         4.00 |
|  i2c_cpu_i/clk_wiz_1/inst/clk_out1                        | i2c_cpu_i/i2c_master_0/inst/i2c_master_v1_0_S00_AXI_inst/i2c_master_inst/temp_tx_data_reg[7]_i_1_n_0                                                                                                      | i2c_cpu_i/i2c_master_0/inst/i2c_master_v1_0_S00_AXI_inst/i2c_master_inst/SR[0]                                                                |                3 |              8 |         2.67 |
|  i2c_cpu_i/clk_wiz_1/inst/clk_out1                        | i2c_cpu_i/i2c_master_0/inst/i2c_master_v1_0_S00_AXI_inst/slv_reg0[15]_i_1_n_0                                                                                                                             | i2c_cpu_i/i2c_master_0/inst/i2c_master_v1_0_S00_AXI_inst/i2c_master_inst/SR[0]                                                                |                1 |              8 |         8.00 |
|  i2c_cpu_i/clk_wiz_1/inst/clk_out1                        | i2c_cpu_i/i2c_master_0/inst/i2c_master_v1_0_S00_AXI_inst/slv_reg0[23]_i_1_n_0                                                                                                                             | i2c_cpu_i/i2c_master_0/inst/i2c_master_v1_0_S00_AXI_inst/i2c_master_inst/SR[0]                                                                |                2 |              8 |         4.00 |
|  i2c_cpu_i/clk_wiz_1/inst/clk_out1                        | i2c_cpu_i/i2c_master_0/inst/i2c_master_v1_0_S00_AXI_inst/slv_reg2[15]_i_1_n_0                                                                                                                             | i2c_cpu_i/i2c_master_0/inst/i2c_master_v1_0_S00_AXI_inst/i2c_master_inst/SR[0]                                                                |                2 |              8 |         4.00 |
|  i2c_cpu_i/clk_wiz_1/inst/clk_out1                        | i2c_cpu_i/i2c_master_0/inst/i2c_master_v1_0_S00_AXI_inst/slv_reg2[23]_i_1_n_0                                                                                                                             | i2c_cpu_i/i2c_master_0/inst/i2c_master_v1_0_S00_AXI_inst/i2c_master_inst/SR[0]                                                                |                1 |              8 |         8.00 |
|  i2c_cpu_i/clk_wiz_1/inst/clk_out1                        | i2c_cpu_i/i2c_master_0/inst/i2c_master_v1_0_S00_AXI_inst/slv_reg2[31]_i_1_n_0                                                                                                                             | i2c_cpu_i/i2c_master_0/inst/i2c_master_v1_0_S00_AXI_inst/i2c_master_inst/SR[0]                                                                |                2 |              8 |         4.00 |
|  i2c_cpu_i/clk_wiz_1/inst/clk_out1                        | i2c_cpu_i/i2c_master_0/inst/i2c_master_v1_0_S00_AXI_inst/slv_reg2[7]_i_1_n_0                                                                                                                              | i2c_cpu_i/i2c_master_0/inst/i2c_master_v1_0_S00_AXI_inst/i2c_master_inst/SR[0]                                                                |                1 |              8 |         8.00 |
|  i2c_cpu_i/clk_wiz_1/inst/clk_out1                        | i2c_cpu_i/i2c_master_0/inst/i2c_master_v1_0_S00_AXI_inst/slv_reg3[15]_i_1_n_0                                                                                                                             | i2c_cpu_i/i2c_master_0/inst/i2c_master_v1_0_S00_AXI_inst/i2c_master_inst/SR[0]                                                                |                1 |              8 |         8.00 |
|  i2c_cpu_i/clk_wiz_1/inst/clk_out1                        | i2c_cpu_i/i2c_master_0/inst/i2c_master_v1_0_S00_AXI_inst/slv_reg3[31]_i_1_n_0                                                                                                                             | i2c_cpu_i/i2c_master_0/inst/i2c_master_v1_0_S00_AXI_inst/i2c_master_inst/SR[0]                                                                |                1 |              8 |         8.00 |
|  i2c_cpu_i/clk_wiz_1/inst/clk_out1                        | i2c_cpu_i/i2c_master_0/inst/i2c_master_v1_0_S00_AXI_inst/slv_reg3[7]_i_1_n_0                                                                                                                              | i2c_cpu_i/i2c_master_0/inst/i2c_master_v1_0_S00_AXI_inst/i2c_master_inst/SR[0]                                                                |                1 |              8 |         8.00 |
|  i2c_cpu_i/clk_wiz_1/inst/clk_out1                        | i2c_cpu_i/i2c_master_0/inst/i2c_master_v1_0_S00_AXI_inst/slv_reg0[7]_i_1_n_0                                                                                                                              | i2c_cpu_i/i2c_master_0/inst/i2c_master_v1_0_S00_AXI_inst/i2c_master_inst/SR[0]                                                                |                3 |              8 |         2.67 |
|  i2c_cpu_i/clk_wiz_1/inst/clk_out1                        |                                                                                                                                                                                                           | i2c_cpu_i/gpio_1/inst/gpio_v1_0_S00_AXI_inst/axi_awready_i_1_n_0                                                                              |                3 |             10 |         3.33 |
|  i2c_cpu_i/clk_wiz_1/inst/clk_out1                        |                                                                                                                                                                                                           | i2c_cpu_i/gpio_0/inst/gpio_v1_0_S00_AXI_inst/axi_awready_i_1_n_0                                                                              |                5 |             10 |         2.00 |
|  i2c_cpu_i/clk_wiz_1/inst/clk_out1                        |                                                                                                                                                                                                           | i2c_cpu_i/axi_uartlite_0/U0/AXI_LITE_IPIF_I/I_SLAVE_ATTACHMENT/rst                                                                            |                3 |             10 |         3.33 |
|  i2c_cpu_i/clk_wiz_1/inst/clk_out1                        |                                                                                                                                                                                                           | i2c_cpu_i/gpio_2/inst/gpio_v1_0_S00_AXI_inst/axi_awready_i_1_n_0                                                                              |                3 |             10 |         3.33 |
|  i2c_cpu_i/clk_wiz_1/inst/clk_out1                        | i2c_cpu_i/i2c_master_0/inst/i2c_master_v1_0_S00_AXI_inst/slv_reg1[9]_i_1_n_0                                                                                                                              | i2c_cpu_i/i2c_master_0/inst/i2c_master_v1_0_S00_AXI_inst/i2c_master_inst/SR[0]                                                                |                2 |             10 |         5.00 |
|  i2c_cpu_i/mdm_1/U0/No_Dbg_Reg_Access.BUFG_DRCK/Dbg_Clk_0 | i2c_cpu_i/mdm_1/U0/MDM_Core_I1/JTAG_CONTROL_I/Use_BSCAN.FDC_I/Use_Serial_Unified_Completion.completion_block_reg                                                                                          |                                                                                                                                               |                4 |             10 |         2.50 |
|  i2c_cpu_i/clk_wiz_1/inst/clk_out1                        | i2c_cpu_i/i2c_master_0/inst/i2c_master_v1_0_S00_AXI_inst/i2c_master_inst/clk_counter_reg[10]_i_1_n_0                                                                                                      | i2c_cpu_i/i2c_master_0/inst/i2c_master_v1_0_S00_AXI_inst/i2c_master_inst/SR[0]                                                                |                5 |             11 |         2.20 |
|  i2c_cpu_i/clk_wiz_1/inst/clk_out1                        |                                                                                                                                                                                                           | i2c_cpu_i/microblaze_0_axi_periph/xbar/inst/gen_sasd.crossbar_sasd_0/addr_arbiter_inst/SR[0]                                                  |                5 |             13 |         2.60 |
|  i2c_cpu_i/clk_wiz_1/inst/clk_out1                        | i2c_cpu_i/microblaze_0_axi_periph/xbar/inst/gen_sasd.crossbar_sasd_0/reg_slice_r/aa_rready                                                                                                                |                                                                                                                                               |                5 |             16 |         3.20 |
|  i2c_cpu_i/clk_wiz_1/inst/clk_out1                        | i2c_cpu_i/microblaze_0/U0/MicroBlaze_Core_I/Performance.Core/Decode_I/PreFetch_Buffer_I1/OF_Valid_DFF/E[0]                                                                                                | i2c_cpu_i/microblaze_0/U0/MicroBlaze_Core_I/sync_reset                                                                                        |                6 |             16 |         2.67 |
|  i2c_cpu_i/clk_wiz_1/inst/clk_out1                        | i2c_cpu_i/microblaze_0_axi_periph/xbar/inst/gen_sasd.crossbar_sasd_0/addr_arbiter_inst/p_0_in1_in                                                                                                         | i2c_cpu_i/microblaze_0_axi_periph/xbar/inst/gen_sasd.crossbar_sasd_0/addr_arbiter_inst/SR[0]                                                  |                5 |             18 |         3.60 |
|  i2c_cpu_i/clk_wiz_1/inst/clk_out1                        | i2c_cpu_i/microblaze_0/U0/MicroBlaze_Core_I/Performance.Core/Decode_I/mem_wait_on_ready_N_carry_or/MUXCY_I/lopt_1                                                                                         | i2c_cpu_i/microblaze_0/U0/MicroBlaze_Core_I/sync_reset                                                                                        |                6 |             20 |         3.33 |
|  i2c_cpu_i/mdm_1/U0/No_Dbg_Reg_Access.BUFG_DRCK/Dbg_Clk_0 |                                                                                                                                                                                                           | i2c_cpu_i/mdm_1/U0/Use_E2.BSCAN_I/Use_E2.BSCANE2_I_0                                                                                          |                4 |             23 |         5.75 |
|  i2c_cpu_i/clk_wiz_1/inst/clk_out1                        |                                                                                                                                                                                                           | i2c_cpu_i/axi_uartlite_0/U0/UARTLITE_CORE_I/UARTLITE_RX_I/ACTIVE_LOW_PR_OUT_DFF[0].FDRE_PER_N                                                 |                7 |             26 |         3.71 |
|  i2c_cpu_i/clk_wiz_1/inst/clk_out1                        | i2c_cpu_i/axi_uartlite_0/U0/UARTLITE_CORE_I/BAUD_RATE_I/en_16x_Baud                                                                                                                                       | i2c_cpu_i/axi_uartlite_0/U0/UARTLITE_CORE_I/UARTLITE_RX_I/ACTIVE_LOW_PR_OUT_DFF[0].FDRE_PER_N                                                 |                4 |             28 |         7.00 |
|  i2c_cpu_i/clk_wiz_1/inst/clk_out1                        | i2c_cpu_i/gpio_2/inst/gpio_v1_0_S00_AXI_inst/slv_reg_rden__0                                                                                                                                              | i2c_cpu_i/gpio_2/inst/gpio_v1_0_S00_AXI_inst/axi_awready_i_1_n_0                                                                              |               13 |             32 |         2.46 |
|  i2c_cpu_i/clk_wiz_1/inst/clk_out1                        | i2c_cpu_i/microblaze_0_axi_periph/xbar/inst/gen_sasd.crossbar_sasd_0/addr_arbiter_inst/s_axi_rvalid[0]                                                                                                    | i2c_cpu_i/microblaze_0/U0/MicroBlaze_Core_I/sync_reset                                                                                        |               10 |             32 |         3.20 |
|  i2c_cpu_i/clk_wiz_1/inst/clk_out1                        | i2c_cpu_i/microblaze_0/U0/MicroBlaze_Core_I/Performance.Core/Decode_I/PreFetch_Buffer_I1/Gen_Mux_Select_LUT6[1].Gen_Sel_DFF/if_fetch_in_progress_reg[0]                                                   | i2c_cpu_i/microblaze_0/U0/MicroBlaze_Core_I/sync_reset                                                                                        |                7 |             32 |         4.57 |
|  i2c_cpu_i/clk_wiz_1/inst/clk_out1                        | i2c_cpu_i/microblaze_0/U0/MicroBlaze_Core_I/Performance.Core/Use_Debug_Logic.Master_Core.Debug_Perf/data_rd_reg[0]_i_1_n_0                                                                                | i2c_cpu_i/microblaze_0/U0/MicroBlaze_Core_I/sync_reset                                                                                        |               10 |             32 |         3.20 |
|  i2c_cpu_i/clk_wiz_1/inst/clk_out1                        | i2c_cpu_i/i2c_master_0/inst/i2c_master_v1_0_S00_AXI_inst/slv_reg_rden__0                                                                                                                                  | i2c_cpu_i/i2c_master_0/inst/i2c_master_v1_0_S00_AXI_inst/i2c_master_inst/SR[0]                                                                |               12 |             32 |         2.67 |
|  i2c_cpu_i/clk_wiz_1/inst/clk_out1                        | i2c_cpu_i/microblaze_0/U0/MicroBlaze_Core_I/Performance.Core/Decode_I/mem_wait_on_ready_N_carry_or/MUXCY_I/lopt_1                                                                                         |                                                                                                                                               |                6 |             32 |         5.33 |
|  i2c_cpu_i/mdm_1/U0/No_Dbg_Reg_Access.BUFG_DRCK/Dbg_Clk_0 | i2c_cpu_i/microblaze_0/U0/MicroBlaze_Core_I/Performance.Core/Use_Debug_Logic.Master_Core.Debug_Perf/New_Dbg_Instr_TCK                                                                                     |                                                                                                                                               |                9 |             32 |         3.56 |
|  i2c_cpu_i/clk_wiz_1/inst/clk_out1                        | i2c_cpu_i/microblaze_0/U0/MicroBlaze_Core_I/Performance.Core/Decode_I/mem_wait_on_ready_N_carry_or/MUXCY_I/lopt_1                                                                                         | i2c_cpu_i/microblaze_0/U0/MicroBlaze_Core_I/Performance.Core/Decode_I/SR[0]                                                                   |               11 |             32 |         2.91 |
|  i2c_cpu_i/clk_wiz_1/inst/clk_out1                        | i2c_cpu_i/microblaze_0/U0/MicroBlaze_Core_I/Performance.Core/Decode_I/Use_MuxCy[3].OF_Piperun_Stage/MUXCY_I/E[0]                                                                                          | i2c_cpu_i/microblaze_0/U0/MicroBlaze_Core_I/sync_reset                                                                                        |               11 |             32 |         2.91 |
|  i2c_cpu_i/clk_wiz_1/inst/clk_out1                        | i2c_cpu_i/microblaze_0/U0/MicroBlaze_Core_I/Performance.Core/Decode_I/Use_MuxCy[3].OF_Piperun_Stage/MUXCY_I/Using_FPGA.Native_0                                                                           | i2c_cpu_i/microblaze_0/U0/MicroBlaze_Core_I/Performance.Core/Decode_I/R                                                                       |               10 |             32 |         3.20 |
|  i2c_cpu_i/clk_wiz_1/inst/clk_out1                        | i2c_cpu_i/gpio_0/inst/gpio_v1_0_S00_AXI_inst/slv_reg_rden__0                                                                                                                                              | i2c_cpu_i/gpio_0/inst/gpio_v1_0_S00_AXI_inst/axi_awready_i_1_n_0                                                                              |               16 |             32 |         2.00 |
|  i2c_cpu_i/clk_wiz_1/inst/clk_out1                        | i2c_cpu_i/gpio_1/inst/gpio_v1_0_S00_AXI_inst/slv_reg_rden__0                                                                                                                                              | i2c_cpu_i/gpio_1/inst/gpio_v1_0_S00_AXI_inst/axi_awready_i_1_n_0                                                                              |               14 |             32 |         2.29 |
|  i2c_cpu_i/clk_wiz_1/inst/clk_out1                        |                                                                                                                                                                                                           | i2c_cpu_i/microblaze_0/U0/MicroBlaze_Core_I/Performance.Core/wb_dlmb_valid_read_data0                                                         |               13 |             32 |         2.46 |
|  i2c_cpu_i/clk_wiz_1/inst/clk_out1                        | i2c_cpu_i/microblaze_0_axi_periph/xbar/inst/gen_sasd.crossbar_sasd_0/addr_arbiter_inst/E[0]                                                                                                               |                                                                                                                                               |               10 |             33 |         3.30 |
|  i2c_cpu_i/clk_wiz_1/inst/clk_out1                        |                                                                                                                                                                                                           | i2c_cpu_i/i2c_master_0/inst/i2c_master_v1_0_S00_AXI_inst/i2c_master_inst/SR[0]                                                                |               29 |             43 |         1.48 |
|  i2c_cpu_i/mdm_1/U0/No_Dbg_Reg_Access.BUFG_DRCK/Dbg_Clk_0 | i2c_cpu_i/mdm_1/U0/Use_E2.BSCAN_I/Use_BSCAN.PORT_Selector_reg[0]                                                                                                                                          |                                                                                                                                               |                9 |             47 |         5.22 |
|  i2c_cpu_i/clk_wiz_1/inst/clk_out1                        | i2c_cpu_i/microblaze_0/U0/MicroBlaze_Core_I/Performance.Core/Decode_I/PreFetch_Buffer_I1/Instruction_Prefetch_Mux[42].Instr_Mux_MUXF7/Performance_Debug_Control.dbg_freeze_nohalt_reg                     |                                                                                                                                               |               11 |             75 |         6.82 |
|  i2c_cpu_i/clk_wiz_1/inst/clk_out1                        | i2c_cpu_i/microblaze_0/U0/MicroBlaze_Core_I/Performance.Core/Decode_I/Use_MuxCy[3].OF_Piperun_Stage/MUXCY_I/Using_FPGA.Native_0                                                                           | i2c_cpu_i/microblaze_0/U0/MicroBlaze_Core_I/sync_reset                                                                                        |               37 |             78 |         2.11 |
|  i2c_cpu_i/mdm_1/U0/No_Dbg_Reg_Access.BUFG_DRCK/Dbg_Clk_0 |                                                                                                                                                                                                           |                                                                                                                                               |               28 |             80 |         2.86 |
|  i2c_cpu_i/clk_wiz_1/inst/clk_out1                        |                                                                                                                                                                                                           |                                                                                                                                               |               56 |            119 |         2.12 |
|  i2c_cpu_i/clk_wiz_1/inst/clk_out1                        | i2c_cpu_i/microblaze_0/U0/MicroBlaze_Core_I/Performance.Core/Decode_I/WB_GPR_Wr                                                                                                                           |                                                                                                                                               |               16 |            128 |         8.00 |
|  i2c_cpu_i/clk_wiz_1/inst/clk_out1                        |                                                                                                                                                                                                           | i2c_cpu_i/microblaze_0/U0/MicroBlaze_Core_I/sync_reset                                                                                        |               75 |            150 |         2.00 |
|  i2c_cpu_i/clk_wiz_1/inst/clk_out1                        | i2c_cpu_i/microblaze_0/U0/MicroBlaze_Core_I/Performance.Core/Decode_I/Use_MuxCy[11].OF_Piperun_Stage/MUXCY_I/Using_FPGA.Native_0                                                                          | i2c_cpu_i/microblaze_0/U0/MicroBlaze_Core_I/sync_reset                                                                                        |               71 |            218 |         3.07 |
+-----------------------------------------------------------+-----------------------------------------------------------------------------------------------------------------------------------------------------------------------------------------------------------+-----------------------------------------------------------------------------------------------------------------------------------------------+------------------+----------------+--------------+


